<?xml version="1.0" encoding="UTF-8"?>
<testsuite xmlns:xsi="http://www.w3.org/2001/XMLSchema-instance" xsi:schemaLocation="https://maven.apache.org/surefire/maven-surefire-plugin/xsd/surefire-test-report.xsd" name="TestSuite" time="49.046" tests="7" errors="0" skipped="0" failures="0">
  <properties>
[...]
</properties>
  <testcase name="runScenario" classname="SmokeTests.cucumberRunnerTest" time="30.097"/>
  <testcase name="runScenario" classname="SmokeTests.cucumberRunnerTest" time="1.04"/>
  <testcase name="runScenario" classname="SmokeTests.cucumberRunnerTest" time="1.952"/>
  <testcase name="runScenario" classname="SmokeTests.cucumberRunnerTest" time="0.749"/>
  <testcase name="runScenario" classname="SmokeTests.cucumberRunnerTest" time="0.905"/>
  <testcase name="runScenario" classname="SmokeTests.cucumberRunnerTest" time="0.894"/>
  <testcase name="gmailAPITest" classname="newGmailAPI.newGmailAPITest" time="1"/>
</testsuite>