<?xml version="1.0" encoding="UTF-8"?>
<testsuite xmlns:xsi="http://www.w3.org/2001/XMLSchema-instance" xsi:schemaLocation="https://maven.apache.org/surefire/maven-surefire-plugin/xsd/surefire-test-report.xsd" name="TestSuite" time="9.293" tests="7" errors="0" skipped="0" failures="1">
  <properties>
[...]
</properties>
  <testcase name="gmailAPITest" classname="newGmailAPI.newGmailAPITest" time="4.585"/>
  <testcase name="runScenario" classname="SmokeTests.cucumberRunnerTest" time="0.586">
    <failure message="expected [201] but found [200]" type="java.lang.AssertionError">java.lang.AssertionError: expected [201] but found [200]
</failure>
    <system-out><![CDATA[
@smokeAPI @TC001
Scenario: Creating GET Call for single user      # src/main/resources/features/reqresAPI.feature:5
  Given I am baseURI of the reqres application   # stepDefinations.reqresAPISteps.iAmBaseURIOfTheApplication()
  When I passing endpoints for  single user      # stepDefinations.reqresAPISteps.iPassingEndpointsForSingleUser()
  Then I validate the status code as 201         # stepDefinations.reqresAPISteps.iValidateTheStatusCode(int)
      java.lang.AssertionError: expected [201] but found [200]
	at org.testng.Assert.fail(Assert.java:97)
	at org.testng.Assert.assertEqualsImpl(Assert.java:136)
	at org.testng.Assert.assertEquals(Assert.java:118)
	at org.testng.Assert.assertEquals(Assert.java:839)
	at org.testng.Assert.assertEquals(Assert.java:849)
	at stepDefinations.reqresAPISteps.iValidateTheStatusCode(reqresAPISteps.java:109)
	at ✽.I validate the status code as 201(file:///Volumes/RaNa/Sindhu_Traninig/SDET-Training/QAtoQE_Framework/src/main/resources/features/reqresAPI.feature:8)

  And I validate email as janet.weaver@reqres.in # stepDefinations.reqresAPISteps.iValidateEmailAsJanetWeaverReqresIn(java.lang.String)
]]></system-out>
  </testcase>
  <testcase name="runScenario" classname="SmokeTests.cucumberRunnerTest" time="0.387"/>
  <testcase name="runScenario" classname="SmokeTests.cucumberRunnerTest" time="0.614"/>
  <testcase name="runScenario" classname="SmokeTests.cucumberRunnerTest" time="0.471"/>
  <testcase name="runScenario" classname="SmokeTests.cucumberRunnerTest" time="0.58"/>
  <testcase name="runScenario" classname="SmokeTests.cucumberRunnerTest" time="0.424"/>
</testsuite>