<?xml version="1.0" encoding="UTF-8"?>
<testng-results ignored="0" total="6" passed="6" failed="0" skipped="0">
  <reporter-output>
  </reporter-output>
  <suite started-at="2021-09-24T18:43:35 CDT" name="Surefire suite" finished-at="2021-09-24T18:43:44 CDT" duration-ms="8987">
    <groups>
      <group name="cucumber">
        <method signature="AbstractTestNGCucumberTests.runScenario(io.cucumber.testng.PickleWrapper, io.cucumber.testng.FeatureWrapper)[pri:0, instance:Smoketests.cucumberRunnerTest@63440df3]" name="runScenario" class="io.cucumber.testng.AbstractTestNGCucumberTests"/>
      </group> <!-- cucumber -->
    </groups>
    <test started-at="2021-09-24T18:43:35 CDT" name="Surefire test" finished-at="2021-09-24T18:43:44 CDT" duration-ms="8987">
      <class name="Smoketests.cucumberRunnerTest">
        <test-method is-config="true" signature="setUpClass()[pri:0, instance:Smoketests.cucumberRunnerTest@63440df3]" started-at="2021-09-24T18:43:35 CDT" name="setUpClass" finished-at="2021-09-24T18:43:36 CDT" duration-ms="1006" status="PASS">
          <reporter-output>
          </reporter-output>
        </test-method> <!-- setUpClass -->
        <test-method signature="runScenario(io.cucumber.testng.PickleWrapper, io.cucumber.testng.FeatureWrapper)[pri:0, instance:Smoketests.cucumberRunnerTest@63440df3]" started-at="2021-09-24T18:43:36 CDT" name="runScenario" description="Runs Cucumber Scenarios" data-provider="scenarios" finished-at="2021-09-24T18:43:41 CDT" duration-ms="5408" status="PASS">
          <params>
            <param index="0">
              <value>
                <![CDATA["Creating GET Call for single user"]]>
              </value>
            </param>
            <param index="1">
              <value>
                <![CDATA["Creating smoke tests for reqres.in"]]>
              </value>
            </param>
          </params>
          <reporter-output>
          </reporter-output>
        </test-method> <!-- runScenario -->
        <test-method signature="runScenario(io.cucumber.testng.PickleWrapper, io.cucumber.testng.FeatureWrapper)[pri:0, instance:Smoketests.cucumberRunnerTest@63440df3]" started-at="2021-09-24T18:43:41 CDT" name="runScenario" description="Runs Cucumber Scenarios" data-provider="scenarios" finished-at="2021-09-24T18:43:42 CDT" duration-ms="233" status="PASS">
          <params>
            <param index="0">
              <value>
                <![CDATA["Creating GET Call for LIST users"]]>
              </value>
            </param>
            <param index="1">
              <value>
                <![CDATA["Creating smoke tests for reqres.in"]]>
              </value>
            </param>
          </params>
          <reporter-output>
          </reporter-output>
        </test-method> <!-- runScenario -->
        <test-method signature="runScenario(io.cucumber.testng.PickleWrapper, io.cucumber.testng.FeatureWrapper)[pri:0, instance:Smoketests.cucumberRunnerTest@63440df3]" started-at="2021-09-24T18:43:42 CDT" name="runScenario" description="Runs Cucumber Scenarios" data-provider="scenarios" finished-at="2021-09-24T18:43:42 CDT" duration-ms="672" status="PASS">
          <params>
            <param index="0">
              <value>
                <![CDATA["Creating POST Call to create"]]>
              </value>
            </param>
            <param index="1">
              <value>
                <![CDATA["Creating smoke tests for reqres.in"]]>
              </value>
            </param>
          </params>
          <reporter-output>
          </reporter-output>
        </test-method> <!-- runScenario -->
        <test-method signature="runScenario(io.cucumber.testng.PickleWrapper, io.cucumber.testng.FeatureWrapper)[pri:0, instance:Smoketests.cucumberRunnerTest@63440df3]" started-at="2021-09-24T18:43:42 CDT" name="runScenario" description="Runs Cucumber Scenarios" data-provider="scenarios" finished-at="2021-09-24T18:43:43 CDT" duration-ms="401" status="PASS">
          <params>
            <param index="0">
              <value>
                <![CDATA["Creating POST Call for LOGIN user"]]>
              </value>
            </param>
            <param index="1">
              <value>
                <![CDATA["Creating smoke tests for reqres.in"]]>
              </value>
            </param>
          </params>
          <reporter-output>
          </reporter-output>
        </test-method> <!-- runScenario -->
        <test-method signature="runScenario(io.cucumber.testng.PickleWrapper, io.cucumber.testng.FeatureWrapper)[pri:0, instance:Smoketests.cucumberRunnerTest@63440df3]" started-at="2021-09-24T18:43:43 CDT" name="runScenario" description="Runs Cucumber Scenarios" data-provider="scenarios" finished-at="2021-09-24T18:43:43 CDT" duration-ms="414" status="PASS">
          <params>
            <param index="0">
              <value>
                <![CDATA["Creating PUT Call to update"]]>
              </value>
            </param>
            <param index="1">
              <value>
                <![CDATA["Creating smoke tests for reqres.in"]]>
              </value>
            </param>
          </params>
          <reporter-output>
          </reporter-output>
        </test-method> <!-- runScenario -->
        <test-method signature="runScenario(io.cucumber.testng.PickleWrapper, io.cucumber.testng.FeatureWrapper)[pri:0, instance:Smoketests.cucumberRunnerTest@63440df3]" started-at="2021-09-24T18:43:43 CDT" name="runScenario" description="Runs Cucumber Scenarios" data-provider="scenarios" finished-at="2021-09-24T18:43:43 CDT" duration-ms="420" status="PASS">
          <params>
            <param index="0">
              <value>
                <![CDATA["Creating DELETE Call to delete"]]>
              </value>
            </param>
            <param index="1">
              <value>
                <![CDATA["Creating smoke tests for reqres.in"]]>
              </value>
            </param>
          </params>
          <reporter-output>
          </reporter-output>
        </test-method> <!-- runScenario -->
        <test-method is-config="true" signature="tearDownClass()[pri:0, instance:Smoketests.cucumberRunnerTest@63440df3]" started-at="2021-09-24T18:43:43 CDT" name="tearDownClass" finished-at="2021-09-24T18:43:44 CDT" duration-ms="291" status="PASS">
          <reporter-output>
          </reporter-output>
        </test-method> <!-- tearDownClass -->
      </class> <!-- Smoketests.cucumberRunnerTest -->
    </test> <!-- Surefire test -->
  </suite> <!-- Surefire suite -->
</testng-results>
