<?xml version="1.0" encoding="UTF-8"?>
<testng-results ignored="0" total="2" passed="2" failed="0" skipped="0">
  <reporter-output>
  </reporter-output>
  <suite started-at="2021-09-03T21:04:30 CDT" name="TestNG" finished-at="2021-09-03T21:04:38 CDT" duration-ms="8049">
    <groups>
    </groups>
    <test started-at="2021-09-03T21:04:30 CDT" name="test-2" finished-at="2021-09-03T21:04:38 CDT" duration-ms="8049">
      <class name="smoketests.SmokeTest2">
        <test-method is-config="true" signature="setup()[pri:0, instance:smoketests.SmokeTest2@382db087]" started-at="2021-09-03T21:04:30 CDT" name="setup" finished-at="2021-09-03T21:04:36 CDT" duration-ms="6110" status="PASS">
          <reporter-output>
          </reporter-output>
        </test-method> <!-- setup -->
        <test-method signature="TC002()[pri:0, instance:smoketests.SmokeTest2@382db087]" started-at="2021-09-03T21:04:36 CDT" name="TC002" finished-at="2021-09-03T21:04:38 CDT" duration-ms="1620" status="PASS">
          <reporter-output>
          </reporter-output>
        </test-method> <!-- TC002 -->
        <test-method is-config="true" signature="tearDown()[pri:0, instance:smoketests.SmokeTest2@382db087]" started-at="2021-09-03T21:04:38 CDT" name="tearDown" finished-at="2021-09-03T21:04:38 CDT" duration-ms="315" status="PASS">
          <reporter-output>
          </reporter-output>
        </test-method> <!-- tearDown -->
      </class> <!-- smoketests.SmokeTest2 -->
    </test> <!-- test-2 -->
    <test started-at="2021-09-03T21:04:30 CDT" name="test-1" finished-at="2021-09-03T21:04:38 CDT" duration-ms="7836">
      <class name="smoketests.SmokeTest1">
        <test-method is-config="true" signature="setup()[pri:0, instance:smoketests.SmokeTest1@4fcd19b3]" started-at="2021-09-03T21:04:30 CDT" name="setup" finished-at="2021-09-03T21:04:36 CDT" duration-ms="6070" status="PASS">
          <reporter-output>
          </reporter-output>
        </test-method> <!-- setup -->
        <test-method signature="TC001()[pri:0, instance:smoketests.SmokeTest1@4fcd19b3]" started-at="2021-09-03T21:04:36 CDT" name="TC001" finished-at="2021-09-03T21:04:38 CDT" duration-ms="1532" status="PASS">
          <reporter-output>
          </reporter-output>
        </test-method> <!-- TC001 -->
        <test-method is-config="true" signature="tearDown()[pri:0, instance:smoketests.SmokeTest1@4fcd19b3]" started-at="2021-09-03T21:04:38 CDT" name="tearDown" finished-at="2021-09-03T21:04:38 CDT" duration-ms="210" status="PASS">
          <reporter-output>
          </reporter-output>
        </test-method> <!-- tearDown -->
      </class> <!-- smoketests.SmokeTest1 -->
    </test> <!-- test-1 -->
  </suite> <!-- TestNG -->
</testng-results>
